<?xml version="1.0" encoding="UTF-8"?>
<!-- Generated by org.testng.reporters.JUnitReportReporter -->
<testsuite hostname="DDC5-L-2J9T5Q2" name="com.maven_demo1.Case_study" tests="3" failures="0" timestamp="16 Jan 2020 05:22:13 GMT" time="23.840" errors="0">
  <testcase name="login" time="1.302" classname="com.maven_demo1.Case_study"/>
  <testcase name="cart" time="11.872" classname="com.maven_demo1.Case_study"/>
  <testcase name="signup" time="10.666" classname="com.maven_demo1.Case_study"/>
</testsuite> <!-- com.maven_demo1.Case_study -->
