<?xml version="1.0" encoding="UTF-8"?>
<!-- Generated by org.testng.reporters.JUnitReportReporter -->
<testsuite hostname="DDC5-L-2J9T5Q2" name="com.maven_demo1.Testng_demo2" tests="3" failures="0" timestamp="15 Jan 2020 09:34:14 GMT" time="0.003" errors="0">
  <testcase name="gmail" time="0.001" classname="com.maven_demo1.Testng_demo2"/>
  <testcase name="facebook" time="0.001" classname="com.maven_demo1.Testng_demo2"/>
  <testcase name="Google" time="0.001" classname="com.maven_demo1.Testng_demo2"/>
</testsuite> <!-- com.maven_demo1.Testng_demo2 -->
