<?xml version="1.0" encoding="UTF-8"?>
<!-- Generated by org.testng.reporters.JUnitReportReporter -->
<testsuite hostname="DDC5-L-2J9T5Q2" name="com.maven_demo1.Testng_demo1" tests="2" failures="0" timestamp="15 Jan 2020 09:34:14 GMT" time="0.004" errors="0">
  <testcase name="registeration" time="0.002" classname="com.maven_demo1.Testng_demo1"/>
  <testcase name="login" time="0.002" classname="com.maven_demo1.Testng_demo1"/>
</testsuite> <!-- com.maven_demo1.Testng_demo1 -->
