<?xml version="1.0" encoding="UTF-8"?>
<!-- Generated by org.testng.reporters.JUnitReportReporter -->
<testsuite hostname="DDC5-L-2J9T5Q2" name="com.maven_demo1.Drag_drop_actions" tests="1" failures="0" timestamp="16 Jan 2020 05:44:07 GMT" time="0.392" errors="0">
  <testcase name="actions_demo2" time="0.392" classname="com.maven_demo1.Drag_drop_actions"/>
</testsuite> <!-- com.maven_demo1.Drag_drop_actions -->
